<?xml version="1.0" encoding="UTF-8"?>
<!-- Generated by org.testng.reporters.JUnitXMLReporter -->
<testsuite hostname="nitin" ignored="4" name="Test" tests="16" failures="0" timestamp="28 Dec 2019 08:10:38 GMT" time="10.847" errors="0">
  <testcase name="checkContentEncodingHeader" time="0.035" classname="com.qa.testcases.TC_001_Get_All_Employee"/>
  <testcase name="checkResponseTime" time="0.01" classname="com.qa.testcases.TC_001_Get_All_Employee"/>
  <testcase name="checkServerTypeHeader" time="0.01" classname="com.qa.testcases.TC_001_Get_All_Employee"/>
  <testcase name="checkstatusLine" time="0.012" classname="com.qa.testcases.TC_001_Get_All_Employee"/>
  <testcase name="validateStatusCode" time="0.015" classname="com.qa.testcases.TC_001_Get_All_Employee"/>
  <testcase name="verifyResponseBody" time="0.165" classname="com.qa.testcases.TC_001_Get_All_Employee"/>
  <testcase name="checkContentType" time="0.002" classname="com.qa.testcases.TC_002_Get_Single_Employee_Data"/>
  <testcase name="checkEmplyeeData" time="0.013" classname="com.qa.testcases.TC_002_Get_Single_Employee_Data"/>
  <testcase name="checkStatusCode" time="0.007" classname="com.qa.testcases.TC_002_Get_Single_Employee_Data"/>
  <testcase name="checkStatusLine" time="0.006" classname="com.qa.testcases.TC_002_Get_Single_Employee_Data"/>
  <testcase name="checkBodyResponse" time="0.004" classname="com.qa.testcases.TC_003_POST_New_Employee_Record"/>
  <testcase name="checkContentType" time="0.002" classname="com.qa.testcases.TC_003_POST_New_Employee_Record"/>
  <testcase name="checkStatusCode" time="0.003" classname="com.qa.testcases.TC_003_POST_New_Employee_Record"/>
  <testcase name="checkBody" time="0.002" classname="com.qa.testcases.TC_004_PUT_Employee_Record"/>
  <testcase name="checkStatusCode" time="0.002" classname="com.qa.testcases.TC_004_PUT_Employee_Record"/>
  <testcase name="checkResponseBody" time="0.002" classname="com.qa.testcases.TC_005_DELETE_Employee_Record"/>
  <testcase name="checkContentEncoding" time="0.0" classname="com.qa.testcases.TC_004_PUT_Employee_Record">
    <ignored/>
  </testcase> <!-- checkContentEncoding -->
  <testcase name="getAllHeaders" time="0.0" classname="com.qa.testcases.TC_001_Get_All_Employee">
    <ignored/>
  </testcase> <!-- getAllHeaders -->
  <testcase name="checkContentEncoding" time="0.0" classname="com.qa.testcases.TC_003_POST_New_Employee_Record">
    <ignored/>
  </testcase> <!-- checkContentEncoding -->
  <testcase name="checkContentEncoding" time="0.0" classname="com.qa.testcases.TC_002_Get_Single_Employee_Data">
    <ignored/>
  </testcase> <!-- checkContentEncoding -->
</testsuite> <!-- Test -->
