<?xml version="1.0" encoding="UTF-8"?>
<!-- Generated by org.testng.reporters.JUnitXMLReporter -->
<testsuite hostname="nitin" ignored="0" name="Default test" tests="7" failures="0" timestamp="28 Dec 2019 05:37:47 GMT" time="5.536" errors="0">
  <testcase name="checkContentEncodingHeader" time="0.024" classname="com.qa.testcases.TC_001_Get_All_Employee"/>
  <testcase name="checkResponseTime" time="0.009" classname="com.qa.testcases.TC_001_Get_All_Employee"/>
  <testcase name="checkServerTypeHeader" time="0.006" classname="com.qa.testcases.TC_001_Get_All_Employee"/>
  <testcase name="checkstatusLine" time="0.006" classname="com.qa.testcases.TC_001_Get_All_Employee"/>
  <testcase name="getAllHeaders" time="0.023" classname="com.qa.testcases.TC_001_Get_All_Employee"/>
  <testcase name="validateStatusCode" time="0.026" classname="com.qa.testcases.TC_001_Get_All_Employee"/>
  <testcase name="verifyResponseBody" time="0.108" classname="com.qa.testcases.TC_001_Get_All_Employee"/>
</testsuite> <!-- Default test -->
