<?xml version="1.0" encoding="UTF-8"?>
<!-- Generated by org.testng.reporters.JUnitXMLReporter -->
<testsuite hostname="nitin" ignored="1" name="Default test" tests="2" failures="0" timestamp="28 Dec 2019 03:39:03 GMT" time="5.879" errors="0">
  <testcase name="checkBody" time="0.07" classname="com.qa.testcases.TC_004_PUT_Employee_Record"/>
  <testcase name="checkStatusCode" time="0.01" classname="com.qa.testcases.TC_004_PUT_Employee_Record"/>
  <testcase name="checkContentEncoding" time="0.0" classname="com.qa.testcases.TC_004_PUT_Employee_Record">
    <ignored/>
  </testcase> <!-- checkContentEncoding -->
</testsuite> <!-- Default test -->
