<?xml version="1.0" encoding="UTF-8"?>
<!-- Generated by org.testng.reporters.JUnitXMLReporter -->
<testsuite hostname="nitin" ignored="1" name="employeeAPITests" tests="19" failures="2" timestamp="24 Dec 2019 04:27:28 GMT" time="11.194" errors="0">
  <testcase name="checkContentEncodingHeader" time="0.026" classname="com.qa.testcases.TC_001_Get_All_Employee"/>
  <testcase name="checkResponseTime" time="0.005" classname="com.qa.testcases.TC_001_Get_All_Employee"/>
  <testcase name="checkServerTypeHeader" time="0.005" classname="com.qa.testcases.TC_001_Get_All_Employee"/>
  <testcase name="checkstatusLine" time="0.012" classname="com.qa.testcases.TC_001_Get_All_Employee"/>
  <testcase name="getAllHeaders" time="0.025" classname="com.qa.testcases.TC_001_Get_All_Employee"/>
  <testcase name="validateStatusCode" time="0.006" classname="com.qa.testcases.TC_001_Get_All_Employee"/>
  <testcase name="verifyResponseBody" time="0.206" classname="com.qa.testcases.TC_001_Get_All_Employee"/>
  <testcase name="checkContentType" time="0.005" classname="com.qa.testcases.TC_002_Get_Single_Employee_Data"/>
  <testcase name="checkEmplyeeData" time="0.004" classname="com.qa.testcases.TC_002_Get_Single_Employee_Data"/>
  <testcase name="checkStatusCode" time="0.005" classname="com.qa.testcases.TC_002_Get_Single_Employee_Data"/>
  <testcase name="checkStatusLine" time="0.005" classname="com.qa.testcases.TC_002_Get_Single_Employee_Data"/>
  <testcase name="checkBodyResponse" time="0.003" classname="com.qa.testcases.TC_003_POST_New_Employee_Record"/>
  <testcase name="checkContentEncoding" time="0.032" classname="com.qa.testcases.TC_003_POST_New_Employee_Record">
    <failure type="java.lang.AssertionError" message="expected [gzip, deflate] but found [null]">
      <![CDATA[java.lang.AssertionError: expected [gzip, deflate] but found [null]
	at com.qa.testcases.TC_003_POST_New_Employee_Record.checkContentEncoding(TC_003_POST_New_Employee_Record.java:63)
... Removed 31 stack frames]]>
    </failure>
  </testcase> <!-- checkContentEncoding -->
  <testcase name="checkContentType" time="0.003" classname="com.qa.testcases.TC_003_POST_New_Employee_Record"/>
  <testcase name="checkStatusCode" time="0.004" classname="com.qa.testcases.TC_003_POST_New_Employee_Record"/>
  <testcase name="checkBody" time="0.003" classname="com.qa.testcases.TC_004_PUT_Employee_Record"/>
  <testcase name="checkContentEncoding" time="0.003" classname="com.qa.testcases.TC_004_PUT_Employee_Record">
    <failure type="java.lang.AssertionError" message="expected [gzip] but found [null]">
      <![CDATA[java.lang.AssertionError: expected [gzip] but found [null]
	at com.qa.testcases.TC_004_PUT_Employee_Record.checkContentEncoding(TC_004_PUT_Employee_Record.java:55)
... Removed 31 stack frames]]>
    </failure>
  </testcase> <!-- checkContentEncoding -->
  <testcase name="checkStatusCode" time="0.008" classname="com.qa.testcases.TC_004_PUT_Employee_Record"/>
  <testcase name="checkResponseBody" time="0.002" classname="com.qa.testcases.TC_005_DELETE_Employee_Record"/>
  <testcase name="checkContentEncoding" time="0.0" classname="com.qa.testcases.TC_002_Get_Single_Employee_Data">
    <ignored/>
  </testcase> <!-- checkContentEncoding -->
</testsuite> <!-- employeeAPITests -->
